#
# There is insufficient memory for the Java Runtime Environment to continue.
# Native memory allocation (mmap) failed to map 132120576 bytes. Error detail: G1 virtual space
# Possible reasons:
#   The system is out of physical RAM or swap space
#   This process is running with CompressedOops enabled, and the Java Heap may be blocking the growth of the native heap
# Possible solutions:
#   Reduce memory load on the system
#   Increase physical memory or swap space
#   Check if swap backing store is full
#   Decrease Java heap size (-Xmx/-Xms)
#   Decrease number of Java threads
#   Decrease Java thread stack sizes (-Xss)
#   Set larger code cache with -XX:ReservedCodeCacheSize=
#   JVM is running with Unscaled Compressed Oops mode in which the Java heap is
#     placed in the first 4GB address space. The Java Heap base address is the
#     maximum limit for the native heap growth. Please use -XX:HeapBaseMinAddress
#     to set the Java Heap base and to place the Java Heap above 4GB virtual address.
# This output file may be truncated or incomplete.
#
#  Out of Memory Error (os_windows.cpp:3703), pid=30612, tid=6744
#
# JRE version:  (23.0+37) (build )
# Java VM: OpenJDK 64-Bit Server VM (23+37, mixed mode, sharing, tiered, compressed oops, compressed class ptrs, g1 gc, windows-amd64)
# No core dump will be written. Minidumps are not enabled by default on client versions of Windows
#

---------------  S U M M A R Y ------------

Command Line: -Dfile.encoding=UTF-8 -Dstdout.encoding=UTF-8 -Dstderr.encoding=UTF-8 --module-path=C:\Users\msi\Documents\GitHub\java-handy-notes\JavaBasicProblems\bin -XX:+ShowCodeDetailsInExceptionMessages -Djdk.module.main=JavaBasicProblems JavaBasicProblems/basicproblems.Array0202FindDublicateNumJava8

Host: Intel(R) Core(TM) i5-10210U CPU @ 1.60GHz, 8 cores, 7G,  Windows 11 , 64 bit Build 22621 (10.0.22621.4391)
Time: Sun Dec  1 23:41:21 2024 India Standard Time elapsed time: 0.024843 seconds (0d 0h 0m 0s)

---------------  T H R E A D  ---------------

Current thread (0x000001c2525ed740):  JavaThread "Unknown thread" [_thread_in_vm, id=6744, stack(0x00000090ad800000,0x00000090ad900000) (1024K)]

Stack: [0x00000090ad800000,0x00000090ad900000]
Native frames: (J=compiled Java code, j=interpreted, Vv=VM code, C=native code)
V  [jvm.dll+0x6e8c69]  (no source info available)
V  [jvm.dll+0x8d9073]  (no source info available)
V  [jvm.dll+0x8db4fe]  (no source info available)
V  [jvm.dll+0x8dbbd3]  (no source info available)
V  [jvm.dll+0x281aa6]  (no source info available)
V  [jvm.dll+0x6e5565]  (no source info available)
V  [jvm.dll+0x6d957a]  (no source info available)
V  [jvm.dll+0x3625fa]  (no source info available)
V  [jvm.dll+0x36aa26]  (no source info available)
V  [jvm.dll+0x356fce]  (no source info available)
V  [jvm.dll+0x357268]  (no source info available)
V  [jvm.dll+0x32fbfc]  (no source info available)
V  [jvm.dll+0x33089e]  (no source info available)
V  [jvm.dll+0x89f915]  (no source info available)
V  [jvm.dll+0x3bfe88]  (no source info available)
V  [jvm.dll+0x88845c]  (no source info available)
V  [jvm.dll+0x45a16e]  (no source info available)
V  [jvm.dll+0x45bf81]  (no source info available)
C  [jli.dll+0x5278]  (no source info available)
C  [ucrtbase.dll+0x29333]  (no source info available)
C  [KERNEL32.DLL+0x1259d]  (no source info available)
C  [ntdll.dll+0x5af38]  (no source info available)

Lock stack of current Java thread (top to bottom):


---------------  P R O C E S S  ---------------

Threads class SMR info:
_java_thread_list=0x00007ffe22de8ad8, length=0, elements={
}

Java Threads: ( => current thread )
Total: 0

Other Threads:
  0x000001c2548e00d0 WorkerThread "GC Thread#0"                     [id=35728, stack(0x00000090ad900000,0x00000090ada00000) (1024K)]
  0x000001c2548f63a0 ConcurrentGCThread "G1 Main Marker"            [id=33064, stack(0x00000090ada00000,0x00000090adb00000) (1024K)]
  0x000001c2548f6eb0 WorkerThread "G1 Conc#0"                       [id=26844, stack(0x00000090adb00000,0x00000090adc00000) (1024K)]

[error occurred during error reporting (printing all threads), id 0xc0000005, EXCEPTION_ACCESS_VIOLATION (0xc0000005) at pc=0x00007ffe224c326a]
VM state: not at safepoint (not fully initialized)

VM Mutex/Monitor currently owned by a thread:  ([mutex/lock_event])
[0x00007ffe22e6be70] Heap_lock - owner thread: 0x000001c2525ed740

Heap address: 0x0000000082c00000, size: 2004 MB, Compressed Oops mode: 32-bit

CDS archive(s) mapped at: [0x0000000000000000-0x0000000000000000-0x0000000000000000), size 0, SharedBaseAddress: 0x0000000800000000, ArchiveRelocationMode: 1.
Narrow klass base: 0x0000000000000000, Narrow klass shift: 0, Narrow klass range: 0x0

GC Precious Log:
 CardTable entry size: 512
 Card Set container configuration: InlinePtr #cards 5 size 8 Array Of Cards #cards 10 size 36 Howl #buckets 4 coarsen threshold 1843 Howl Bitmap #cards 512 size 80 coarsen threshold 460 Card regions per heap region 1 cards per card region 2048

Heap:
 garbage-first heap   total reserved 2052096K, committed 0K, used 0K [0x0000000082c00000, 0x0000000100000000)
  region size 1024K, 0 young (0K), 0 survivors (0K)

[error occurred during error reporting (printing heap information), id 0xc0000005, EXCEPTION_ACCESS_VIOLATION (0xc0000005) at pc=0x00007ffe228c51e9]
GC Heap History (0 events):
No events

Dll operation events (1 events):
Event: 0.015 Loaded shared library C:\Users\msi\.p2\pool\plugins\org.eclipse.justj.openjdk.hotspot.jre.full.win32.x86_64_23.0.0.v20240919-1706\jre\bin\java.dll

Deoptimization events (0 events):
No events

Classes loaded (0 events):
No events

Classes unloaded (0 events):
No events

Classes redefined (0 events):
No events

Internal exceptions (0 events):
No events

VM Operations (0 events):
No events

Memory protections (0 events):
No events

Nmethod flushes (0 events):
No events

Events (0 events):
No events


Dynamic libraries:
0x00007ff696cb0000 - 0x00007ff696cbe000 	C:\Users\msi\.p2\pool\plugins\org.eclipse.justj.openjdk.hotspot.jre.full.win32.x86_64_23.0.0.v20240919-1706\jre\bin\javaw.exe
0x00007ffe70e70000 - 0x00007ffe71087000 	C:\WINDOWS\SYSTEM32\ntdll.dll
0x00007ffe70750000 - 0x00007ffe70814000 	C:\WINDOWS\System32\KERNEL32.DLL
0x00007ffe6e5b0000 - 0x00007ffe6e969000 	C:\WINDOWS\System32\KERNELBASE.dll
0x00007ffe6e3f0000 - 0x00007ffe6e501000 	C:\WINDOWS\System32\ucrtbase.dll
0x00007ffe55ba0000 - 0x00007ffe55bbb000 	C:\Users\msi\.p2\pool\plugins\org.eclipse.justj.openjdk.hotspot.jre.full.win32.x86_64_23.0.0.v20240919-1706\jre\bin\VCRUNTIME140.dll
0x00007ffe59580000 - 0x00007ffe59597000 	C:\Users\msi\.p2\pool\plugins\org.eclipse.justj.openjdk.hotspot.jre.full.win32.x86_64_23.0.0.v20240919-1706\jre\bin\jli.dll
0x00007ffe70c80000 - 0x00007ffe70e2e000 	C:\WINDOWS\System32\USER32.dll
0x00007ffe59c50000 - 0x00007ffe59ee2000 	C:\WINDOWS\WinSxS\amd64_microsoft.windows.common-controls_6595b64144ccf1df_6.0.22621.4391_none_2715d37f73803e96\COMCTL32.dll
0x00007ffe6e580000 - 0x00007ffe6e5a6000 	C:\WINDOWS\System32\win32u.dll
0x00007ffe70830000 - 0x00007ffe708d7000 	C:\WINDOWS\System32\msvcrt.dll
0x00007ffe6fea0000 - 0x00007ffe6fec9000 	C:\WINDOWS\System32\GDI32.dll
0x00007ffe6e170000 - 0x00007ffe6e28b000 	C:\WINDOWS\System32\gdi32full.dll
0x00007ffe6e290000 - 0x00007ffe6e32a000 	C:\WINDOWS\System32\msvcp_win.dll
0x00007ffe70a60000 - 0x00007ffe70a91000 	C:\WINDOWS\System32\IMM32.DLL
0x00007ffe57130000 - 0x00007ffe5713c000 	C:\Users\msi\.p2\pool\plugins\org.eclipse.justj.openjdk.hotspot.jre.full.win32.x86_64_23.0.0.v20240919-1706\jre\bin\vcruntime140_1.dll
0x00007ffe33ff0000 - 0x00007ffe3407e000 	C:\Users\msi\.p2\pool\plugins\org.eclipse.justj.openjdk.hotspot.jre.full.win32.x86_64_23.0.0.v20240919-1706\jre\bin\msvcp140.dll
0x00007ffe22180000 - 0x00007ffe22f4d000 	C:\Users\msi\.p2\pool\plugins\org.eclipse.justj.openjdk.hotspot.jre.full.win32.x86_64_23.0.0.v20240919-1706\jre\bin\server\jvm.dll
0x00007ffe6f6f0000 - 0x00007ffe6f7a2000 	C:\WINDOWS\System32\ADVAPI32.dll
0x00007ffe6f200000 - 0x00007ffe6f2a7000 	C:\WINDOWS\System32\sechost.dll
0x00007ffe6eb60000 - 0x00007ffe6eb88000 	C:\WINDOWS\System32\bcrypt.dll
0x00007ffe6f5d0000 - 0x00007ffe6f6e4000 	C:\WINDOWS\System32\RPCRT4.dll
0x00007ffe70aa0000 - 0x00007ffe70b11000 	C:\WINDOWS\System32\WS2_32.dll
0x00007ffe6e040000 - 0x00007ffe6e08d000 	C:\WINDOWS\SYSTEM32\POWRPROF.dll
0x00007ffe69b30000 - 0x00007ffe69b64000 	C:\WINDOWS\SYSTEM32\WINMM.dll
0x00007ffe6a0e0000 - 0x00007ffe6a0ea000 	C:\WINDOWS\SYSTEM32\VERSION.dll
0x00007ffe6df70000 - 0x00007ffe6df83000 	C:\WINDOWS\SYSTEM32\UMPDC.dll
0x00007ffe6d1b0000 - 0x00007ffe6d1c8000 	C:\WINDOWS\SYSTEM32\kernel.appcore.dll
0x00007ffe41e80000 - 0x00007ffe41e8a000 	C:\Users\msi\.p2\pool\plugins\org.eclipse.justj.openjdk.hotspot.jre.full.win32.x86_64_23.0.0.v20240919-1706\jre\bin\jimage.dll
0x00007ffe6ba80000 - 0x00007ffe6bcb2000 	C:\WINDOWS\SYSTEM32\DBGHELP.DLL
0x00007ffe6fa60000 - 0x00007ffe6fdef000 	C:\WINDOWS\System32\combase.dll
0x00007ffe6f2b0000 - 0x00007ffe6f387000 	C:\WINDOWS\System32\OLEAUT32.dll
0x00007ffe57200000 - 0x00007ffe57232000 	C:\WINDOWS\SYSTEM32\dbgcore.DLL
0x00007ffe6e970000 - 0x00007ffe6e9eb000 	C:\WINDOWS\System32\bcryptPrimitives.dll
0x00007ffe414d0000 - 0x00007ffe414ee000 	C:\Users\msi\.p2\pool\plugins\org.eclipse.justj.openjdk.hotspot.jre.full.win32.x86_64_23.0.0.v20240919-1706\jre\bin\java.dll
0x00007ffe6f390000 - 0x00007ffe6f535000 	C:\WINDOWS\System32\ole32.dll
0x00007ffe6fed0000 - 0x00007ffe70746000 	C:\WINDOWS\System32\SHELL32.dll

dbghelp: loaded successfully - version: 4.0.5 - missing functions: none
symbol engine: initialized successfully - sym options: 0x614 - pdb path: .;C:\Users\msi\.p2\pool\plugins\org.eclipse.justj.openjdk.hotspot.jre.full.win32.x86_64_23.0.0.v20240919-1706\jre\bin;C:\WINDOWS\SYSTEM32;C:\WINDOWS\WinSxS\amd64_microsoft.windows.common-controls_6595b64144ccf1df_6.0.22621.4391_none_2715d37f73803e96;C:\Users\msi\.p2\pool\plugins\org.eclipse.justj.openjdk.hotspot.jre.full.win32.x86_64_23.0.0.v20240919-1706\jre\bin\server

VM Arguments:
jvm_args: -Dfile.encoding=UTF-8 -Dstdout.encoding=UTF-8 -Dstderr.encoding=UTF-8 --module-path=C:\Users\msi\Documents\GitHub\java-handy-notes\JavaBasicProblems\bin -XX:+ShowCodeDetailsInExceptionMessages -Djdk.module.main=JavaBasicProblems 
java_command: JavaBasicProblems/basicproblems.Array0202FindDublicateNumJava8
java_class_path (initial): <not set>
Launcher Type: SUN_STANDARD

[Global flags]
     intx CICompilerCount                          = 4                                         {product} {ergonomic}
     uint ConcGCThreads                            = 2                                         {product} {ergonomic}
     uint G1ConcRefinementThreads                  = 8                                         {product} {ergonomic}
   size_t G1HeapRegionSize                         = 1048576                                   {product} {ergonomic}
   size_t InitialHeapSize                          = 132120576                                 {product} {ergonomic}
   size_t MarkStackSize                            = 4194304                                   {product} {ergonomic}
   size_t MarkStackSizeMax                         = 536870912                                 {product} {ergonomic}
   size_t MaxHeapSize                              = 2101346304                                {product} {ergonomic}
   size_t MinHeapDeltaBytes                        = 1048576                                   {product} {ergonomic}
   size_t MinHeapSize                              = 8388608                                   {product} {ergonomic}
    uintx NonNMethodCodeHeapSize                   = 5832704                                {pd product} {ergonomic}
    uintx NonProfiledCodeHeapSize                  = 122945536                              {pd product} {ergonomic}
    uintx ProfiledCodeHeapSize                     = 122880000                              {pd product} {ergonomic}
    uintx ReservedCodeCacheSize                    = 251658240                              {pd product} {ergonomic}
     bool SegmentedCodeCache                       = true                                      {product} {ergonomic}
     bool ShowCodeDetailsInExceptionMessages       = true                                   {manageable} {command line}
   size_t SoftMaxHeapSize                          = 2101346304                             {manageable} {ergonomic}
     bool UseCompressedOops                        = true                           {product lp64_product} {ergonomic}
     bool UseG1GC                                  = true                                      {product} {ergonomic}
     bool UseLargePagesIndividualAllocation        = false                                  {pd product} {ergonomic}

Logging:
Log output configuration:
 #0: stdout all=warning uptime,level,tags foldmultilines=false
 #1: stderr all=off uptime,level,tags foldmultilines=false

Environment Variables:
PATH=C:/Users/msi/.p2/pool/plugins/org.eclipse.justj.openjdk.hotspot.jre.full.win32.x86_64_23.0.0.v20240919-1706/jre/bin/server;C:/Users/msi/.p2/pool/plugins/org.eclipse.justj.openjdk.hotspot.jre.full.win32.x86_64_23.0.0.v20240919-1706/jre/bin;C:\Program Files (x86)\Common Files\Oracle\Java\java8path;C:\Program Files (x86)\Common Files\Oracle\Java\javapath;C:\WINDOWS\system32;C:\WINDOWS;C:\WINDOWS\System32\Wbem;C:\WINDOWS\System32\WindowsPowerShell\v1.0\;C:\WINDOWS\System32\OpenSSH\;C:\Program Files\nodejs\;C:\Program Files\Git\cmd;C:\Users\msi\AppData\Local\Microsoft\WindowsApps;C:\Users\msi\AppData\Local\Programs\Microsoft VS Code\bin;C:\Users\msi\AppData\Roaming\node.js\;C:\Users\msi\AppData\Local\GitHubDesktop\bin;C:\Users\msi\AppData\Roaming\npm;C:\Program Files (x86)\Java\jre1.8.0_431\bin;;C:\WINDOWS\system32;
USERNAME=msi
OS=Windows_NT
PROCESSOR_IDENTIFIER=Intel64 Family 6 Model 142 Stepping 12, GenuineIntel
TMP=C:\Users\msi\AppData\Local\Temp
TEMP=C:\Users\msi\AppData\Local\Temp




Periodic native trim disabled

---------------  S Y S T E M  ---------------

OS:
 Windows 11 , 64 bit Build 22621 (10.0.22621.4391)
OS uptime: 8 days 4:25 hours

CPU: total 8 (initial active 8) (4 cores per cpu, 2 threads per core) family 6 model 142 stepping 12 microcode 0xde, cx8, cmov, fxsr, ht, mmx, 3dnowpref, sse, sse2, sse3, ssse3, sse4.1, sse4.2, popcnt, lzcnt, tsc, tscinvbit, avx, avx2, aes, erms, clmul, bmi1, bmi2, adx, fma, vzeroupper, clflush, clflushopt, rdtscp, f16c
Processor Information for the first 8 processors :
  Max Mhz: 2101, Current Mhz: 1000, Mhz Limit: 1596

Memory: 4k page, system-wide physical 8013M (534M free)
TotalPageFile size 32589M (AvailPageFile size 43M)
current process WorkingSet (physical memory assigned to process): 12M, peak: 12M
current process commit charge ("private bytes"): 60M, peak: 186M

vm_info: OpenJDK 64-Bit Server VM (23+37) for windows-amd64 JRE (23+37), built on 2024-09-17T00:00:00Z with MS VC++ 17.7 (VS2022)

END.
